<?xml version="1.0" encoding="UTF-8"?>
<testsuite xmlns:xsi="http://www.w3.org/2001/XMLSchema-instance" xsi:noNamespaceSchemaLocation="https://maven.apache.org/surefire/maven-surefire-plugin/xsd/surefire-test-report-3.0.xsd" version="3.0" name="org.example.AppTest" time="13.803" tests="1" errors="0" skipped="0" failures="0">
  <properties>
[...]
</properties>
  <testcase name="TestCase1" classname="org.example.AppTest" time="13.384">
    <system-err><![CDATA[SLF4J: Failed to load class "org.slf4j.impl.StaticLoggerBinder".
SLF4J: Defaulting to no-operation (NOP) logger implementation
SLF4J: See http://www.slf4j.org/codes.html#StaticLoggerBinder for further details.
1706412971516	geckodriver	INFO	Listening on 127.0.0.1:1376
1706412971909	mozrunner::runner	INFO	Running command: MOZ_CRASHREPORTER="1" MOZ_CRASHREPORTER_NO_REPORT="1" MOZ_CRASHREPORTER_SHUTDOWN="1" MOZ_NO_REMOTE="1" "/App ... //[::1]:8502/" "-foreground" "-no-remote" "-profile" "/var/folders/kz/_wl8scfd6h728_x2k3b0tdnc0000gp/T/rust_mozprofiletnP6Xc"
console.warn: services.settings: Ignoring preference override of remote settings server
console.warn: services.settings: Allow by setting MOZ_REMOTE_SETTINGS_DEVTOOLS=1 in the environment
1706412972461	Marionette	INFO	Marionette enabled
2024-01-28 10:36:12.860 firefox[6736:100116] WARNING: Secure coding is not enabled for restorable state! Enable secure coding by implementing NSApplicationDelegate.applicationSupportsSecureRestorableState: and returning YES.
console.error: "Warning: unrecognized command line flag" "-remote-allow-hosts"
console.error: "Warning: unrecognized command line flag" "-remote-allow-origins"
1706412973026	Marionette	INFO	Listening on port 61053
WebDriver BiDi listening on ws://127.0.0.1:8502
1706412973280	RemoteAgent	WARN	TLS certificate errors will be ignored for this session
DevTools listening on ws://127.0.0.1:8502/devtools/browser/3b33ca4b-fb59-4ea4-a180-27385636ebfc
1706412982438	RemoteAgent	INFO	Perform WebSocket upgrade for incoming connection from 127.0.0.1:61165
1706412982444	CDP	WARN	Invalid browser preferences for CDP. Set "fission.webContentIsolationStrategy"to 0 and "fission.bfcacheInParent" to false before Firefox starts.
1706412982486	Marionette	INFO	Stopped listening on port 61053
JavaScript warning: https://pagead2.googlesyndication.com/bg/P1hqgBmkkNDwT9zug75Po3J06KDKU0QoOZK6hiZMV2E.js line 2 > eval, line 4079: Script terminated by timeout at:
I@https://pagead2.googlesyndication.com/bg/P1hqgBmkkNDwT9zug75Po3J06KDKU0QoOZK6hiZMV2E.js line 2 > eval:4079:5269
Gv@https://pagead2.googlesyndication.com/bg/P1hqgBmkkNDwT9zug75Po3J06KDKU0QoOZK6hiZMV2E.js line 2 > eval:4079:33901
x.s</<@https://pagead2.googlesyndication.com/bg/P1hqgBmkkNDwT9zug75Po3J06KDKU0QoOZK6hiZMV2E.js line 2 > eval:4079:49063
vx@https://pagead2.googlesyndication.com/bg/P1hqgBmkkNDwT9zug75Po3J06KDKU0QoOZK6hiZMV2E.js line 2 > eval:4079:26822
KP@https://pagead2.googlesyndication.com/bg/P1hqgBmkkNDwT9zug75Po3J06KDKU0QoOZK6hiZMV2E.js line 2 > eval:4079:17911
zG@https://pagead2.googlesyndication.com/bg/P1hqgBmkkNDwT9zug75Po3J06KDKU0QoOZK6hiZMV2E.js line 2 > eval:4079:17120
m7@https://pagead2.googlesyndication.com/bg/P1hqgBmkkNDwT9zug75Po3J06KDKU0QoOZK6hiZMV2E.js line 2 > eval:4079:27704
F@https://pagead2.googlesyndication.com/bg/P1hqgBmkkNDwT9zug75Po3J06KDKU0QoOZK6hiZMV2E.js line 2 > eval:4079:23521
@https://pagead2.googlesyndication.com/bg/P1hqgBmkkNDwT9zug75Po3J06KDKU0QoOZK6hiZMV2E.js line 2 > eval:4079:50785
S@https://pagead2.googlesyndication.com/bg/P1hqgBmkkNDwT9zug75Po3J06KDKU0QoOZK6hiZMV2E.js line 2 > eval:4079:13967
ht@https://pagead2.googlesyndication.com/bg/P1hqgBmkkNDwT9zug75Po3J06KDKU0QoOZK6hiZMV2E.js line 2 > eval:4079:34726
bg@https://pagead2.googlesyndication.com/bg/P1hqgBmkkNDwT9zug75Po3J06KDKU0QoOZK6hiZMV2E.js line 2 > eval:4079:3896
wo@https://pagead2.googlesyndication.com/bg/P1hqgBmkkNDwT9zug75Po3J06KDKU0QoOZK6hiZMV2E.js line 2 > eval:4079:23416
Ia/<@https://googleads.g.doubleclick.net/pagead/ads?client=ca-pub-5609129721109980&output=html&h=194&slotname=8593476511&adk=3210112960&adf=844537689&pi=t.ma~as.8593476511&w=775&lmt=1706412977&rafmt=11&format=775x194&url=https%3A%2F%2Fyopmail.com%2Fen%2F&fwrattr=false&wgl=1&dt=1706412980463&bpp=3&bdt=2954&idt=211&shv=r20240122&mjsv=m202401230101&ptt=9&saldr=aa&abxe=1&prev_fmts=0x0%2C696x120%2C325x200&nras=1&correlator=6840524058036&frm=20&pv=1&ga_vid=81172289.1706412981&ga_sid=1706412981&ga_hid=1068300120&ga_fc=0&rplot=4&u_tz=420&u_his=1&u_h=900&u_w=1440&u_ah=799&u_aw=1440&u_cd=30&u_sd=2&adx=432&ady=462&biw=1280&bih=634&scr_x=0&scr_y=0&eid=44759875%2C44759926%2C31079437%2C31080591%2C95320377%2C95320869%2C95320889%2C95321626%2C95322164%2C95323005&oid=2&pvsid=4144914867733664&tmod=1176664551&nvt=1&fc=1920&brdim=4%2C25%2C4%2C25%2C1440%2C25%2C1280%2C719%2C1280%2C634&vis=1&rsz=%7C%7CEe%7C&abl=CS&pfx=0&fu=128&bc=31&bz=1&ifi=4&uci=a!4&fsb=1&dtd=218:1:62173
Na@https://googleads.g.doubleclick.net/pagead/ads?client=ca-pub-5609129721109980&output=html&h=194&slotname=8593476511&adk=3210112960&adf=844537689&pi=t.ma~as.8593476511&w=775&lmt=1706412977&rafmt=11&format=775x194&url=https%3A%2F%2Fyopmail.com%2Fen%2F&fwrattr=false&wgl=1&dt=1706412980463&bpp=3&bdt=2954&idt=211&shv=r20240122&mjsv=m202401230101&ptt=9&saldr=aa&abxe=1&prev_fmts=0x0%2C696x120%2C325x200&nras=1&correlator=6840524058036&frm=20&pv=1&ga_vid=81172289.1706412981&ga_sid=1706412981&ga_hid=1068300120&ga_fc=0&rplot=4&u_tz=420&u_his=1&u_h=900&u_w=1440&u_ah=799&u_aw=1440&u_cd=30&u_sd=2&adx=432&ady=462&biw=1280&bih=634&scr_x=0&scr_y=0&eid=44759875%2C44759926%2C31079437%2C31080591%2C95320377%2C95320869%2C95320889%2C95321626%2C95322164%2C95323005&oid=2&pvsid=4144914867733664&tmod=1176664551&nvt=1&fc=1920&brdim=4%2C25%2C4%2C25%2C1440%2C25%2C1280%2C719%2C1280%2C634&vis=1&rsz=%7C%7CEe%7C&abl=CS&pfx=0&fu=128&bc=31&bz=1&ifi=4&uci=a!4&fsb=1&dtd=218:1:62354
Ia@https://googleads.g.doubleclick.net/pagead/ads?client=ca-pub-5609129721109980&output=html&h=194&slotname=8593476511&adk=3210112960&adf=844537689&pi=t.ma~as.8593476511&w=775&lmt=1706412977&rafmt=11&format=775x194&url=https%3A%2F%2Fyopmail.com%2Fen%2F&fwrattr=false&wgl=1&dt=1706412980463&bpp=3&bdt=2954&idt=211&shv=r20240122&mjsv=m202401230101&ptt=9&saldr=aa&abxe=1&prev_fmts=0x0%2C696x120%2C325x200&nras=1&correlator=6840524058036&frm=20&pv=1&ga_vid=81172289.1706412981&ga_sid=1706412981&ga_hid=1068300120&ga_fc=0&rplot=4&u_tz=420&u_his=1&u_h=900&u_w=1440&u_ah=799&u_aw=1440&u_cd=30&u_sd=2&adx=432&ady=462&biw=1280&bih=634&scr_x=0&scr_y=0&eid=44759875%2C44759926%2C31079437%2C31080591%2C95320377%2C95320869%2C95320889%2C95321626%2C95322164%2C95323005&oid=2&pvsid=4144914867733664&tmod=1176664551&nvt=1&fc=1920&brdim=4%2C25%2C4%2C25%2C1440%2C25%2C1280%2C719%2C1280%2C634&vis=1&rsz=%7C%7CEe%7C&abl=CS&pfx=0&fu=128&bc=31&bz=1&ifi=4&uci=a!4&fsb=1&dtd=218:1:62163

JavaScript warning: https://pagead2.googlesyndication.com/bg/IHSjRKKj3q_1Pt3c2sGWHmUCy_Bw5n5yhKh9CWyZSw4.js line 2 > eval, line 573: Script terminated by timeout at:
gT@https://pagead2.googlesyndication.com/bg/IHSjRKKj3q_1Pt3c2sGWHmUCy_Bw5n5yhKh9CWyZSw4.js line 2 > eval:573:15020
G@https://pagead2.googlesyndication.com/bg/IHSjRKKj3q_1Pt3c2sGWHmUCy_Bw5n5yhKh9CWyZSw4.js line 2 > eval:573:25556
@https://pagead2.googlesyndication.com/bg/IHSjRKKj3q_1Pt3c2sGWHmUCy_Bw5n5yhKh9CWyZSw4.js line 2 > eval:573:21077
qC@https://pagead2.googlesyndication.com/bg/IHSjRKKj3q_1Pt3c2sGWHmUCy_Bw5n5yhKh9CWyZSw4.js line 2 > eval:573:14406
@https://pagead2.googlesyndication.com/bg/IHSjRKKj3q_1Pt3c2sGWHmUCy_Bw5n5yhKh9CWyZSw4.js line 2 > eval:573:36674
Iv@https://pagead2.googlesyndication.com/bg/IHSjRKKj3q_1Pt3c2sGWHmUCy_Bw5n5yhKh9CWyZSw4.js line 2 > eval:573:24888
qk@https://pagead2.googlesyndication.com/bg/IHSjRKKj3q_1Pt3c2sGWHmUCy_Bw5n5yhKh9CWyZSw4.js line 2 > eval:573:7326
R@https://pagead2.googlesyndication.com/bg/IHSjRKKj3q_1Pt3c2sGWHmUCy_Bw5n5yhKh9CWyZSw4.js line 2 > eval:573:2577
uY@https://pagead2.googlesyndication.com/bg/IHSjRKKj3q_1Pt3c2sGWHmUCy_Bw5n5yhKh9CWyZSw4.js line 2 > eval:573:20009
M@https://pagead2.googlesyndication.com/bg/IHSjRKKj3q_1Pt3c2sGWHmUCy_Bw5n5yhKh9CWyZSw4.js line 2 > eval:573:19657
@https://pagead2.googlesyndication.com/bg/IHSjRKKj3q_1Pt3c2sGWHmUCy_Bw5n5yhKh9CWyZSw4.js line 2 > eval:573:38695
Kl@https://pagead2.googlesyndication.com/bg/IHSjRKKj3q_1Pt3c2sGWHmUCy_Bw5n5yhKh9CWyZSw4.js line 2 > eval:573:1379
Ts@https://pagead2.googlesyndication.com/bg/IHSjRKKj3q_1Pt3c2sGWHmUCy_Bw5n5yhKh9CWyZSw4.js line 2 > eval:573:17562
J@https://pagead2.googlesyndication.com/bg/IHSjRKKj3q_1Pt3c2sGWHmUCy_Bw5n5yhKh9CWyZSw4.js line 2 > eval:573:8709
VU@https://pagead2.googlesyndication.com/bg/IHSjRKKj3q_1Pt3c2sGWHmUCy_Bw5n5yhKh9CWyZSw4.js line 2 > eval:573:18447
va/<@https://tpc.googlesyndication.com/sodar/sodar2/225/runner.html:27:191
va@https://tpc.googlesyndication.com/sodar/sodar2/225/runner.html:27:129
d/<@https://tpc.googlesyndication.com/sodar/sodar2/225/runner.html:26:436
J@https://tpc.googlesyndication.com/sodar/sodar2/225/runner.html:16:39
ha/this.next@https://tpc.googlesyndication.com/sodar/sodar2/225/runner.html:17:89
k@https://tpc.googlesyndication.com/sodar/sodar2/225/runner.html:24:287

JavaScript warning: https://pagead2.googlesyndication.com/pagead/managed/js/adsense/m202401230101/show_ads_impl_fy2021.js, line 533: Script terminated by timeout at:
TN/<@https://pagead2.googlesyndication.com/pagead/managed/js/adsense/m202401230101/show_ads_impl_fy2021.js:533:354

JavaScript error: , line 0: TypeError: NetworkError when attempting to fetch resource.
JavaScript error: , line 0: TypeError: NetworkError when attempting to fetch resource.
JavaScript error: , line 0: TypeError: NetworkError when attempting to fetch resource.
]]></system-err>
  </testcase>
</testsuite>